Getting top scoring models at subsets of size: [2999, 5999, 8999, 11999, 14999, 17999, 20999, 23999, 26999, 29999]
('Size of conformation matrix', (19999, 182, 3))
Mode: cuda Superposition: True Number of cores: 1
('Size of RMSD matrix (flattened):', (199970001,))
Loading matrix data from Distances_Matrix.data.bin ...  Done
('Size of RMSD matrix (unpacked, N x N):', (19999, 19999))
('Size of Sample A:', 12423, ' ; Size of Sample B: ', 7576, '; Total', 19999)
Calculating sampling precision
Minimum and maximum pairwise model distances: 0.039766878 7.6586285
('Clustering at thresholds:', array([0.03976688, 3.03976688, 6.03976688]))
Clustering at threshold 3.040
('Contingency table:', array([[12261.,  7532.],
       [  156.,    42.]]))
('IG', 'h3', 'h3_39_39')
('IG', 'h3', 'h3_40_40')
('IG', 'h3', 'h3_41_41')
('IG', 'h3', 'h3_42_42')
('IG', 'h3', 'h3_43_43')
('IG', 'h3', 'h3_44_44')
('IG', 'h3', 'h3_45_45')
('IG', 'h3', 'h3_46_46')
('IG', 'h3', 'h3_47_47')
('IG', 'h3', 'h3_48_48')
('IG', 'h3', 'h3_49_49')
('IG', 'h3', 'h3_50_50')
('IG', 'h3', 'h3_51_51')
('IG', 'h3', 'h3_52_52')
('IG', 'h3', 'h3_53_53')
('IG', 'h3', 'h3_54_54')
('IG', 'h3', 'h3_55_55')
('IG', 'h3', 'h3_56_56')
('IG', 'h3', 'h3_57_57')
('IG', 'h3', 'h3_58_58')
('IG', 'h3', 'h3_59_59')
('IG', 'h3', 'h3_60_60')
('IG', 'h3', 'h3_61_61')
('IG', 'h3', 'h3_62_62')
('IG', 'h3', 'h3_63_63')
('IG', 'h3', 'h3_64_64')
('IG', 'h3', 'h3_65_65')
('IG', 'h3', 'h3_66_66')
('IG', 'h3', 'h3_67_67')
('IG', 'h3', 'h3_68_68')
('IG', 'h3', 'h3_69_69')
('IG', 'h3', 'h3_70_70')
('IG', 'h3', 'h3_71_71')
('IG', 'h3', 'h3_72_72')
('IG', 'h3', 'h3_73_73')
('IG', 'h3', 'h3_74_74')
('IG', 'h3', 'h3_75_75')
('IG', 'h3', 'h3_76_76')
('IG', 'h3', 'h3_77_77')
('IG', 'h3', 'h3_78_78')
('IG', 'h3', 'h3_79_79')
('IG', 'h3', 'h3_80_80')
('IG', 'h3', 'h3_81_81')
('IG', 'h3', 'h3_82_82')
('IG', 'h3', 'h3_83_83')
('IG', 'h3', 'h3_84_84')
('IG', 'h3', 'h3_85_85')
('IG', 'h3', 'h3_86_86')
('IG', 'h3', 'h3_87_87')
('IG', 'h3', 'h3_88_88')
('IG', 'h3', 'h3_89_89')
('IG', 'h3', 'h3_90_90')
('IG', 'h3', 'h3_91_91')
('IG', 'h3', 'h3_92_92')
('IG', 'h3', 'h3_93_93')
('IG', 'h3', 'h3_94_94')
('IG', 'h3', 'h3_95_95')
('IG', 'h3', 'h3_96_96')
('IG', 'h3', 'h3_97_97')
('IG', 'h3', 'h3_98_98')
('IG', 'h3', 'h3_99_99')
('IG', 'h3', 'h3_100_100')
('IG', 'h3', 'h3_101_101')
('IG', 'h3', 'h3_102_102')
('IG', 'h3', 'h3_103_103')
('IG', 'h3', 'h3_104_104')
('IG', 'h3', 'h3_105_105')
('IG', 'h3', 'h3_106_106')
('IG', 'h3', 'h3_107_107')
('IG', 'h3', 'h3_108_108')
('IG', 'h3', 'h3_109_109')
('IG', 'h3', 'h3_110_110')
('IG', 'h3', 'h3_111_111')
('IG', 'h3', 'h3_112_112')
('IG', 'h3', 'h3_113_113')
('IG', 'h3', 'h3_114_114')
('IG', 'h3', 'h3_115_115')
('IG', 'h3', 'h3_116_116')
('IG', 'h3', 'h3_117_117')
('IG', 'h3', 'h3_118_118')
('IG', 'h3', 'h3_119_119')
('IG', 'h3', 'h3_120_120')
('IG', 'h3', 'h3_121_121')
('IG', 'h3', 'h3_122_122')
('IG', 'h3', 'h3_123_123')
('IG', 'h3', 'h3_124_124')
('IG', 'h3', 'h3_125_125')
('IG', 'h3', 'h3_126_126')
('IG', 'h3', 'h3_127_127')
('IG', 'h3', 'h3_128_128')
('IG', 'h3', 'h3_129_129')
('IG', 'h3', 'h3_130_130')
('IG', 'h3', 'h3_131_131')
('IG', 'h3', 'h3_132_132')
('IG', 'h3', 'h3_133_133')
('IG', 'h3', 'h3_134_134')
('IG', 'h3', 'h3_135_135')
('IG', 'h3', 'h3_136_136')
('IG', 'h3', 'h4_20_20')
('IG', 'h4', 'h4_20_20')
('IG', 'h3', 'h4_21_21')
('IG', 'h4', 'h4_21_21')
('IG', 'h3', 'h4_22_22')
('IG', 'h4', 'h4_22_22')
('IG', 'h3', 'h4_23_23')
('IG', 'h4', 'h4_23_23')
('IG', 'h3', 'h4_24_24')
('IG', 'h4', 'h4_24_24')
('IG', 'h3', 'h4_25_25')
('IG', 'h4', 'h4_25_25')
('IG', 'h3', 'h4_26_26')
('IG', 'h4', 'h4_26_26')
('IG', 'h3', 'h4_27_27')
('IG', 'h4', 'h4_27_27')
('IG', 'h3', 'h4_28_28')
('IG', 'h4', 'h4_28_28')
('IG', 'h3', 'h4_29_29')
('IG', 'h4', 'h4_29_29')
('IG', 'h3', 'h4_30_30')
('IG', 'h4', 'h4_30_30')
('IG', 'h3', 'h4_31_31')
('IG', 'h4', 'h4_31_31')
('IG', 'h3', 'h4_32_32')
('IG', 'h4', 'h4_32_32')
('IG', 'h3', 'h4_33_33')
('IG', 'h4', 'h4_33_33')
('IG', 'h3', 'h4_34_34')
('IG', 'h4', 'h4_34_34')
('IG', 'h3', 'h4_35_35')
('IG', 'h4', 'h4_35_35')
('IG', 'h3', 'h4_36_36')
('IG', 'h4', 'h4_36_36')
('IG', 'h3', 'h4_37_37')
('IG', 'h4', 'h4_37_37')
('IG', 'h3', 'h4_38_38')
('IG', 'h4', 'h4_38_38')
('IG', 'h3', 'h4_39_39')
('IG', 'h4', 'h4_39_39')
('IG', 'h3', 'h4_40_40')
('IG', 'h4', 'h4_40_40')
('IG', 'h3', 'h4_41_41')
('IG', 'h4', 'h4_41_41')
('IG', 'h3', 'h4_42_42')
('IG', 'h4', 'h4_42_42')
('IG', 'h3', 'h4_43_43')
('IG', 'h4', 'h4_43_43')
('IG', 'h3', 'h4_44_44')
('IG', 'h4', 'h4_44_44')
('IG', 'h3', 'h4_45_45')
('IG', 'h4', 'h4_45_45')
('IG', 'h3', 'h4_46_46')
('IG', 'h4', 'h4_46_46')
('IG', 'h3', 'h4_47_47')
('IG', 'h4', 'h4_47_47')
('IG', 'h3', 'h4_48_48')
('IG', 'h4', 'h4_48_48')
('IG', 'h3', 'h4_49_49')
('IG', 'h4', 'h4_49_49')
('IG', 'h3', 'h4_50_50')
('IG', 'h4', 'h4_50_50')
('IG', 'h3', 'h4_51_51')
('IG', 'h4', 'h4_51_51')
('IG', 'h3', 'h4_52_52')
('IG', 'h4', 'h4_52_52')
('IG', 'h3', 'h4_53_53')
('IG', 'h4', 'h4_53_53')
('IG', 'h3', 'h4_54_54')
('IG', 'h4', 'h4_54_54')
('IG', 'h3', 'h4_55_55')
('IG', 'h4', 'h4_55_55')
('IG', 'h3', 'h4_56_56')
('IG', 'h4', 'h4_56_56')
('IG', 'h3', 'h4_57_57')
('IG', 'h4', 'h4_57_57')
('IG', 'h3', 'h4_58_58')
('IG', 'h4', 'h4_58_58')
('IG', 'h3', 'h4_59_59')
('IG', 'h4', 'h4_59_59')
('IG', 'h3', 'h4_60_60')
('IG', 'h4', 'h4_60_60')
('IG', 'h3', 'h4_61_61')
('IG', 'h4', 'h4_61_61')
('IG', 'h3', 'h4_62_62')
('IG', 'h4', 'h4_62_62')
('IG', 'h3', 'h4_63_63')
('IG', 'h4', 'h4_63_63')
('IG', 'h3', 'h4_64_64')
('IG', 'h4', 'h4_64_64')
('IG', 'h3', 'h4_65_65')
('IG', 'h4', 'h4_65_65')
('IG', 'h3', 'h4_66_66')
('IG', 'h4', 'h4_66_66')
('IG', 'h3', 'h4_67_67')
('IG', 'h4', 'h4_67_67')
('IG', 'h3', 'h4_68_68')
('IG', 'h4', 'h4_68_68')
('IG', 'h3', 'h4_69_69')
('IG', 'h4', 'h4_69_69')
('IG', 'h3', 'h4_70_70')
('IG', 'h4', 'h4_70_70')
('IG', 'h3', 'h4_71_71')
('IG', 'h4', 'h4_71_71')
('IG', 'h3', 'h4_72_72')
('IG', 'h4', 'h4_72_72')
('IG', 'h3', 'h4_73_73')
('IG', 'h4', 'h4_73_73')
('IG', 'h3', 'h4_74_74')
('IG', 'h4', 'h4_74_74')
('IG', 'h3', 'h4_75_75')
('IG', 'h4', 'h4_75_75')
('IG', 'h3', 'h4_76_76')
('IG', 'h4', 'h4_76_76')
('IG', 'h3', 'h4_77_77')
('IG', 'h4', 'h4_77_77')
('IG', 'h3', 'h4_78_78')
('IG', 'h4', 'h4_78_78')
('IG', 'h3', 'h4_79_79')
('IG', 'h4', 'h4_79_79')
('IG', 'h3', 'h4_80_80')
('IG', 'h4', 'h4_80_80')
('IG', 'h3', 'h4_81_81')
('IG', 'h4', 'h4_81_81')
('IG', 'h3', 'h4_82_82')
('IG', 'h4', 'h4_82_82')
('IG', 'h3', 'h4_83_83')
('IG', 'h4', 'h4_83_83')
('IG', 'h3', 'h4_84_84')
('IG', 'h4', 'h4_84_84')
('IG', 'h3', 'h4_85_85')
('IG', 'h4', 'h4_85_85')
('IG', 'h3', 'h4_86_86')
('IG', 'h4', 'h4_86_86')
('IG', 'h3', 'h4_87_87')
('IG', 'h4', 'h4_87_87')
('IG', 'h3', 'h4_88_88')
('IG', 'h4', 'h4_88_88')
('IG', 'h3', 'h4_89_89')
('IG', 'h4', 'h4_89_89')
('IG', 'h3', 'h4_90_90')
('IG', 'h4', 'h4_90_90')
('IG', 'h3', 'h4_91_91')
('IG', 'h4', 'h4_91_91')
('IG', 'h3', 'h4_92_92')
('IG', 'h4', 'h4_92_92')
('IG', 'h3', 'h4_93_93')
('IG', 'h4', 'h4_93_93')
('IG', 'h3', 'h4_94_94')
('IG', 'h4', 'h4_94_94')
('IG', 'h3', 'h4_95_95')
('IG', 'h4', 'h4_95_95')
('IG', 'h3', 'h4_96_96')
('IG', 'h4', 'h4_96_96')
('IG', 'h3', 'h4_97_97')
('IG', 'h4', 'h4_97_97')
('IG', 'h3', 'h4_98_98')
('IG', 'h4', 'h4_98_98')
('IG', 'h3', 'h4_99_99')
('IG', 'h4', 'h4_99_99')
('IG', 'h3', 'h4_100_100')
('IG', 'h4', 'h4_100_100')
('IG', 'h3', 'h4_101_101')
('IG', 'h4', 'h4_101_101')
('IG', 'h3', 'h4_102_102')
('IG', 'h4', 'h4_102_102')
('IG', 'h3', 'h4_103_103')
('IG', 'h4', 'h4_103_103')
('IG', 'h3', 'h3_39_39')
('IG', 'h3', 'h3_40_40')
('IG', 'h3', 'h3_41_41')
('IG', 'h3', 'h3_42_42')
('IG', 'h3', 'h3_43_43')
('IG', 'h3', 'h3_44_44')
('IG', 'h3', 'h3_45_45')
('IG', 'h3', 'h3_46_46')
('IG', 'h3', 'h3_47_47')
('IG', 'h3', 'h3_48_48')
('IG', 'h3', 'h3_49_49')
('IG', 'h3', 'h3_50_50')
('IG', 'h3', 'h3_51_51')
('IG', 'h3', 'h3_52_52')
('IG', 'h3', 'h3_53_53')
('IG', 'h3', 'h3_54_54')
('IG', 'h3', 'h3_55_55')
('IG', 'h3', 'h3_56_56')
('IG', 'h3', 'h3_57_57')
('IG', 'h3', 'h3_58_58')
('IG', 'h3', 'h3_59_59')
('IG', 'h3', 'h3_60_60')
('IG', 'h3', 'h3_61_61')
('IG', 'h3', 'h3_62_62')
('IG', 'h3', 'h3_63_63')
('IG', 'h3', 'h3_64_64')
('IG', 'h3', 'h3_65_65')
('IG', 'h3', 'h3_66_66')
('IG', 'h3', 'h3_67_67')
('IG', 'h3', 'h3_68_68')
('IG', 'h3', 'h3_69_69')
('IG', 'h3', 'h3_70_70')
('IG', 'h3', 'h3_71_71')
('IG', 'h3', 'h3_72_72')
('IG', 'h3', 'h3_73_73')
('IG', 'h3', 'h3_74_74')
('IG', 'h3', 'h3_75_75')
('IG', 'h3', 'h3_76_76')
('IG', 'h3', 'h3_77_77')
('IG', 'h3', 'h3_78_78')
('IG', 'h3', 'h3_79_79')
('IG', 'h3', 'h3_80_80')
('IG', 'h3', 'h3_81_81')
('IG', 'h3', 'h3_82_82')
('IG', 'h3', 'h3_83_83')
('IG', 'h3', 'h3_84_84')
('IG', 'h3', 'h3_85_85')
('IG', 'h3', 'h3_86_86')
('IG', 'h3', 'h3_87_87')
('IG', 'h3', 'h3_88_88')
('IG', 'h3', 'h3_89_89')
('IG', 'h3', 'h3_90_90')
('IG', 'h3', 'h3_91_91')
('IG', 'h3', 'h3_92_92')
('IG', 'h3', 'h3_93_93')
('IG', 'h3', 'h3_94_94')
('IG', 'h3', 'h3_95_95')
('IG', 'h3', 'h3_96_96')
('IG', 'h3', 'h3_97_97')
('IG', 'h3', 'h3_98_98')
('IG', 'h3', 'h3_99_99')
('IG', 'h3', 'h3_100_100')
('IG', 'h3', 'h3_101_101')
('IG', 'h3', 'h3_102_102')
('IG', 'h3', 'h3_103_103')
('IG', 'h3', 'h3_104_104')
('IG', 'h3', 'h3_105_105')
('IG', 'h3', 'h3_106_106')
('IG', 'h3', 'h3_107_107')
('IG', 'h3', 'h3_108_108')
('IG', 'h3', 'h3_109_109')
('IG', 'h3', 'h3_110_110')
('IG', 'h3', 'h3_111_111')
('IG', 'h3', 'h3_112_112')
('IG', 'h3', 'h3_113_113')
('IG', 'h3', 'h3_114_114')
('IG', 'h3', 'h3_115_115')
('IG', 'h3', 'h3_116_116')
('IG', 'h3', 'h3_117_117')
('IG', 'h3', 'h3_118_118')
('IG', 'h3', 'h3_119_119')
('IG', 'h3', 'h3_120_120')
('IG', 'h3', 'h3_121_121')
('IG', 'h3', 'h3_122_122')
('IG', 'h3', 'h3_123_123')
('IG', 'h3', 'h3_124_124')
('IG', 'h3', 'h3_125_125')
('IG', 'h3', 'h3_126_126')
('IG', 'h3', 'h3_127_127')
('IG', 'h3', 'h3_128_128')
('IG', 'h3', 'h3_129_129')
('IG', 'h3', 'h3_130_130')
('IG', 'h3', 'h3_131_131')
('IG', 'h3', 'h3_132_132')
('IG', 'h3', 'h3_133_133')
('IG', 'h3', 'h3_134_134')
('IG', 'h3', 'h3_135_135')
('IG', 'h3', 'h3_136_136')
('IG', 'h3', 'h4_20_20')
('IG', 'h4', 'h4_20_20')
('IG', 'h3', 'h4_21_21')
('IG', 'h4', 'h4_21_21')
('IG', 'h3', 'h4_22_22')
('IG', 'h4', 'h4_22_22')
('IG', 'h3', 'h4_23_23')
('IG', 'h4', 'h4_23_23')
('IG', 'h3', 'h4_24_24')
('IG', 'h4', 'h4_24_24')
('IG', 'h3', 'h4_25_25')
('IG', 'h4', 'h4_25_25')
('IG', 'h3', 'h4_26_26')
('IG', 'h4', 'h4_26_26')
('IG', 'h3', 'h4_27_27')
('IG', 'h4', 'h4_27_27')
('IG', 'h3', 'h4_28_28')
('IG', 'h4', 'h4_28_28')
('IG', 'h3', 'h4_29_29')
('IG', 'h4', 'h4_29_29')
('IG', 'h3', 'h4_30_30')
('IG', 'h4', 'h4_30_30')
('IG', 'h3', 'h4_31_31')
('IG', 'h4', 'h4_31_31')
('IG', 'h3', 'h4_32_32')
('IG', 'h4', 'h4_32_32')
('IG', 'h3', 'h4_33_33')
('IG', 'h4', 'h4_33_33')
('IG', 'h3', 'h4_34_34')
('IG', 'h4', 'h4_34_34')
('IG', 'h3', 'h4_35_35')
('IG', 'h4', 'h4_35_35')
('IG', 'h3', 'h4_36_36')
('IG', 'h4', 'h4_36_36')
('IG', 'h3', 'h4_37_37')
('IG', 'h4', 'h4_37_37')
('IG', 'h3', 'h4_38_38')
('IG', 'h4', 'h4_38_38')
('IG', 'h3', 'h4_39_39')
('IG', 'h4', 'h4_39_39')
('IG', 'h3', 'h4_40_40')
('IG', 'h4', 'h4_40_40')
('IG', 'h3', 'h4_41_41')
('IG', 'h4', 'h4_41_41')
('IG', 'h3', 'h4_42_42')
('IG', 'h4', 'h4_42_42')
('IG', 'h3', 'h4_43_43')
('IG', 'h4', 'h4_43_43')
('IG', 'h3', 'h4_44_44')
('IG', 'h4', 'h4_44_44')
('IG', 'h3', 'h4_45_45')
('IG', 'h4', 'h4_45_45')
('IG', 'h3', 'h4_46_46')
('IG', 'h4', 'h4_46_46')
('IG', 'h3', 'h4_47_47')
('IG', 'h4', 'h4_47_47')
('IG', 'h3', 'h4_48_48')
('IG', 'h4', 'h4_48_48')
('IG', 'h3', 'h4_49_49')
('IG', 'h4', 'h4_49_49')
('IG', 'h3', 'h4_50_50')
('IG', 'h4', 'h4_50_50')
('IG', 'h3', 'h4_51_51')
('IG', 'h4', 'h4_51_51')
('IG', 'h3', 'h4_52_52')
('IG', 'h4', 'h4_52_52')
('IG', 'h3', 'h4_53_53')
('IG', 'h4', 'h4_53_53')
('IG', 'h3', 'h4_54_54')
('IG', 'h4', 'h4_54_54')
('IG', 'h3', 'h4_55_55')
('IG', 'h4', 'h4_55_55')
('IG', 'h3', 'h4_56_56')
('IG', 'h4', 'h4_56_56')
('IG', 'h3', 'h4_57_57')
('IG', 'h4', 'h4_57_57')
('IG', 'h3', 'h4_58_58')
('IG', 'h4', 'h4_58_58')
('IG', 'h3', 'h4_59_59')
('IG', 'h4', 'h4_59_59')
('IG', 'h3', 'h4_60_60')
('IG', 'h4', 'h4_60_60')
('IG', 'h3', 'h4_61_61')
('IG', 'h4', 'h4_61_61')
('IG', 'h3', 'h4_62_62')
('IG', 'h4', 'h4_62_62')
('IG', 'h3', 'h4_63_63')
('IG', 'h4', 'h4_63_63')
('IG', 'h3', 'h4_64_64')
('IG', 'h4', 'h4_64_64')
('IG', 'h3', 'h4_65_65')
('IG', 'h4', 'h4_65_65')
('IG', 'h3', 'h4_66_66')
('IG', 'h4', 'h4_66_66')
('IG', 'h3', 'h4_67_67')
('IG', 'h4', 'h4_67_67')
('IG', 'h3', 'h4_68_68')
('IG', 'h4', 'h4_68_68')
('IG', 'h3', 'h4_69_69')
('IG', 'h4', 'h4_69_69')
('IG', 'h3', 'h4_70_70')
('IG', 'h4', 'h4_70_70')
('IG', 'h3', 'h4_71_71')
('IG', 'h4', 'h4_71_71')
('IG', 'h3', 'h4_72_72')
('IG', 'h4', 'h4_72_72')
('IG', 'h3', 'h4_73_73')
('IG', 'h4', 'h4_73_73')
('IG', 'h3', 'h4_74_74')
('IG', 'h4', 'h4_74_74')
('IG', 'h3', 'h4_75_75')
('IG', 'h4', 'h4_75_75')
('IG', 'h3', 'h4_76_76')
('IG', 'h4', 'h4_76_76')
('IG', 'h3', 'h4_77_77')
('IG', 'h4', 'h4_77_77')
('IG', 'h3', 'h4_78_78')
('IG', 'h4', 'h4_78_78')
('IG', 'h3', 'h4_79_79')
('IG', 'h4', 'h4_79_79')
('IG', 'h3', 'h4_80_80')
('IG', 'h4', 'h4_80_80')
('IG', 'h3', 'h4_81_81')
('IG', 'h4', 'h4_81_81')
('IG', 'h3', 'h4_82_82')
('IG', 'h4', 'h4_82_82')
('IG', 'h3', 'h4_83_83')
('IG', 'h4', 'h4_83_83')
('IG', 'h3', 'h4_84_84')
('IG', 'h4', 'h4_84_84')
('IG', 'h3', 'h4_85_85')
('IG', 'h4', 'h4_85_85')
('IG', 'h3', 'h4_86_86')
('IG', 'h4', 'h4_86_86')
('IG', 'h3', 'h4_87_87')
('IG', 'h4', 'h4_87_87')
('IG', 'h3', 'h4_88_88')
('IG', 'h4', 'h4_88_88')
('IG', 'h3', 'h4_89_89')
('IG', 'h4', 'h4_89_89')
('IG', 'h3', 'h4_90_90')
('IG', 'h4', 'h4_90_90')
('IG', 'h3', 'h4_91_91')
('IG', 'h4', 'h4_91_91')
('IG', 'h3', 'h4_92_92')
('IG', 'h4', 'h4_92_92')
('IG', 'h3', 'h4_93_93')
('IG', 'h4', 'h4_93_93')
('IG', 'h3', 'h4_94_94')
('IG', 'h4', 'h4_94_94')
('IG', 'h3', 'h4_95_95')
('IG', 'h4', 'h4_95_95')
('IG', 'h3', 'h4_96_96')
('IG', 'h4', 'h4_96_96')
('IG', 'h3', 'h4_97_97')
('IG', 'h4', 'h4_97_97')
('IG', 'h3', 'h4_98_98')
('IG', 'h4', 'h4_98_98')
('IG', 'h3', 'h4_99_99')
('IG', 'h4', 'h4_99_99')
('IG', 'h3', 'h4_100_100')
('IG', 'h4', 'h4_100_100')
('IG', 'h3', 'h4_101_101')
('IG', 'h4', 'h4_101_101')
('IG', 'h3', 'h4_102_102')
('IG', 'h4', 'h4_102_102')
('IG', 'h3', 'h4_103_103')
('IG', 'h4', 'h4_103_103')
('IG', 'h3', 'h3_39_39')
('IG', 'h3', 'h3_40_40')
('IG', 'h3', 'h3_41_41')
('IG', 'h3', 'h3_42_42')
('IG', 'h3', 'h3_43_43')
('IG', 'h3', 'h3_44_44')
('IG', 'h3', 'h3_45_45')
('IG', 'h3', 'h3_46_46')
('IG', 'h3', 'h3_47_47')
('IG', 'h3', 'h3_48_48')
('IG', 'h3', 'h3_49_49')
('IG', 'h3', 'h3_50_50')
('IG', 'h3', 'h3_51_51')
('IG', 'h3', 'h3_52_52')
('IG', 'h3', 'h3_53_53')
('IG', 'h3', 'h3_54_54')
('IG', 'h3', 'h3_55_55')
('IG', 'h3', 'h3_56_56')
('IG', 'h3', 'h3_57_57')
('IG', 'h3', 'h3_58_58')
('IG', 'h3', 'h3_59_59')
('IG', 'h3', 'h3_60_60')
('IG', 'h3', 'h3_61_61')
('IG', 'h3', 'h3_62_62')
('IG', 'h3', 'h3_63_63')
('IG', 'h3', 'h3_64_64')
('IG', 'h3', 'h3_65_65')
('IG', 'h3', 'h3_66_66')
('IG', 'h3', 'h3_67_67')
('IG', 'h3', 'h3_68_68')
('IG', 'h3', 'h3_69_69')
('IG', 'h3', 'h3_70_70')
('IG', 'h3', 'h3_71_71')
('IG', 'h3', 'h3_72_72')
('IG', 'h3', 'h3_73_73')
('IG', 'h3', 'h3_74_74')
('IG', 'h3', 'h3_75_75')
('IG', 'h3', 'h3_76_76')
('IG', 'h3', 'h3_77_77')
('IG', 'h3', 'h3_78_78')
('IG', 'h3', 'h3_79_79')
('IG', 'h3', 'h3_80_80')
('IG', 'h3', 'h3_81_81')
('IG', 'h3', 'h3_82_82')
('IG', 'h3', 'h3_83_83')
('IG', 'h3', 'h3_84_84')
('IG', 'h3', 'h3_85_85')
('IG', 'h3', 'h3_86_86')
('IG', 'h3', 'h3_87_87')
('IG', 'h3', 'h3_88_88')
('IG', 'h3', 'h3_89_89')
('IG', 'h3', 'h3_90_90')
('IG', 'h3', 'h3_91_91')
('IG', 'h3', 'h3_92_92')
('IG', 'h3', 'h3_93_93')
('IG', 'h3', 'h3_94_94')
('IG', 'h3', 'h3_95_95')
('IG', 'h3', 'h3_96_96')
('IG', 'h3', 'h3_97_97')
('IG', 'h3', 'h3_98_98')
('IG', 'h3', 'h3_99_99')
('IG', 'h3', 'h3_100_100')
('IG', 'h3', 'h3_101_101')
('IG', 'h3', 'h3_102_102')
('IG', 'h3', 'h3_103_103')
('IG', 'h3', 'h3_104_104')
('IG', 'h3', 'h3_105_105')
('IG', 'h3', 'h3_106_106')
('IG', 'h3', 'h3_107_107')
('IG', 'h3', 'h3_108_108')
('IG', 'h3', 'h3_109_109')
('IG', 'h3', 'h3_110_110')
('IG', 'h3', 'h3_111_111')
('IG', 'h3', 'h3_112_112')
('IG', 'h3', 'h3_113_113')
('IG', 'h3', 'h3_114_114')
('IG', 'h3', 'h3_115_115')
('IG', 'h3', 'h3_116_116')
('IG', 'h3', 'h3_117_117')
('IG', 'h3', 'h3_118_118')
('IG', 'h3', 'h3_119_119')
('IG', 'h3', 'h3_120_120')
('IG', 'h3', 'h3_121_121')
('IG', 'h3', 'h3_122_122')
('IG', 'h3', 'h3_123_123')
('IG', 'h3', 'h3_124_124')
('IG', 'h3', 'h3_125_125')
('IG', 'h3', 'h3_126_126')
('IG', 'h3', 'h3_127_127')
('IG', 'h3', 'h3_128_128')
('IG', 'h3', 'h3_129_129')
('IG', 'h3', 'h3_130_130')
('IG', 'h3', 'h3_131_131')
('IG', 'h3', 'h3_132_132')
('IG', 'h3', 'h3_133_133')
('IG', 'h3', 'h3_134_134')
('IG', 'h3', 'h3_135_135')
('IG', 'h3', 'h3_136_136')
('IG', 'h3', 'h4_20_20')
('IG', 'h4', 'h4_20_20')
('IG', 'h3', 'h4_21_21')
('IG', 'h4', 'h4_21_21')
('IG', 'h3', 'h4_22_22')
('IG', 'h4', 'h4_22_22')
('IG', 'h3', 'h4_23_23')
('IG', 'h4', 'h4_23_23')
('IG', 'h3', 'h4_24_24')
('IG', 'h4', 'h4_24_24')
('IG', 'h3', 'h4_25_25')
('IG', 'h4', 'h4_25_25')
('IG', 'h3', 'h4_26_26')
('IG', 'h4', 'h4_26_26')
('IG', 'h3', 'h4_27_27')
('IG', 'h4', 'h4_27_27')
('IG', 'h3', 'h4_28_28')
('IG', 'h4', 'h4_28_28')
('IG', 'h3', 'h4_29_29')
('IG', 'h4', 'h4_29_29')
('IG', 'h3', 'h4_30_30')
('IG', 'h4', 'h4_30_30')
('IG', 'h3', 'h4_31_31')
('IG', 'h4', 'h4_31_31')
('IG', 'h3', 'h4_32_32')
('IG', 'h4', 'h4_32_32')
('IG', 'h3', 'h4_33_33')
('IG', 'h4', 'h4_33_33')
('IG', 'h3', 'h4_34_34')
('IG', 'h4', 'h4_34_34')
('IG', 'h3', 'h4_35_35')
('IG', 'h4', 'h4_35_35')
('IG', 'h3', 'h4_36_36')
('IG', 'h4', 'h4_36_36')
('IG', 'h3', 'h4_37_37')
('IG', 'h4', 'h4_37_37')
('IG', 'h3', 'h4_38_38')
('IG', 'h4', 'h4_38_38')
('IG', 'h3', 'h4_39_39')
('IG', 'h4', 'h4_39_39')
('IG', 'h3', 'h4_40_40')
('IG', 'h4', 'h4_40_40')
('IG', 'h3', 'h4_41_41')
('IG', 'h4', 'h4_41_41')
('IG', 'h3', 'h4_42_42')
('IG', 'h4', 'h4_42_42')
('IG', 'h3', 'h4_43_43')
('IG', 'h4', 'h4_43_43')
('IG', 'h3', 'h4_44_44')
('IG', 'h4', 'h4_44_44')
('IG', 'h3', 'h4_45_45')
('IG', 'h4', 'h4_45_45')
('IG', 'h3', 'h4_46_46')
('IG', 'h4', 'h4_46_46')
('IG', 'h3', 'h4_47_47')
('IG', 'h4', 'h4_47_47')
('IG', 'h3', 'h4_48_48')
('IG', 'h4', 'h4_48_48')
('IG', 'h3', 'h4_49_49')
('IG', 'h4', 'h4_49_49')
('IG', 'h3', 'h4_50_50')
('IG', 'h4', 'h4_50_50')
('IG', 'h3', 'h4_51_51')
('IG', 'h4', 'h4_51_51')
('IG', 'h3', 'h4_52_52')
('IG', 'h4', 'h4_52_52')
('IG', 'h3', 'h4_53_53')
('IG', 'h4', 'h4_53_53')
('IG', 'h3', 'h4_54_54')
('IG', 'h4', 'h4_54_54')
('IG', 'h3', 'h4_55_55')
('IG', 'h4', 'h4_55_55')
('IG', 'h3', 'h4_56_56')
('IG', 'h4', 'h4_56_56')
('IG', 'h3', 'h4_57_57')
('IG', 'h4', 'h4_57_57')
('IG', 'h3', 'h4_58_58')
('IG', 'h4', 'h4_58_58')
('IG', 'h3', 'h4_59_59')
('IG', 'h4', 'h4_59_59')
('IG', 'h3', 'h4_60_60')
('IG', 'h4', 'h4_60_60')
('IG', 'h3', 'h4_61_61')
('IG', 'h4', 'h4_61_61')
('IG', 'h3', 'h4_62_62')
('IG', 'h4', 'h4_62_62')
('IG', 'h3', 'h4_63_63')
('IG', 'h4', 'h4_63_63')
('IG', 'h3', 'h4_64_64')
('IG', 'h4', 'h4_64_64')
('IG', 'h3', 'h4_65_65')
('IG', 'h4', 'h4_65_65')
('IG', 'h3', 'h4_66_66')
('IG', 'h4', 'h4_66_66')
('IG', 'h3', 'h4_67_67')
('IG', 'h4', 'h4_67_67')
('IG', 'h3', 'h4_68_68')
('IG', 'h4', 'h4_68_68')
('IG', 'h3', 'h4_69_69')
('IG', 'h4', 'h4_69_69')
('IG', 'h3', 'h4_70_70')
('IG', 'h4', 'h4_70_70')
('IG', 'h3', 'h4_71_71')
('IG', 'h4', 'h4_71_71')
('IG', 'h3', 'h4_72_72')
('IG', 'h4', 'h4_72_72')
('IG', 'h3', 'h4_73_73')
('IG', 'h4', 'h4_73_73')
('IG', 'h3', 'h4_74_74')
('IG', 'h4', 'h4_74_74')
('IG', 'h3', 'h4_75_75')
('IG', 'h4', 'h4_75_75')
('IG', 'h3', 'h4_76_76')
('IG', 'h4', 'h4_76_76')
('IG', 'h3', 'h4_77_77')
('IG', 'h4', 'h4_77_77')
('IG', 'h3', 'h4_78_78')
('IG', 'h4', 'h4_78_78')
('IG', 'h3', 'h4_79_79')
('IG', 'h4', 'h4_79_79')
('IG', 'h3', 'h4_80_80')
('IG', 'h4', 'h4_80_80')
('IG', 'h3', 'h4_81_81')
('IG', 'h4', 'h4_81_81')
('IG', 'h3', 'h4_82_82')
('IG', 'h4', 'h4_82_82')
('IG', 'h3', 'h4_83_83')
('IG', 'h4', 'h4_83_83')
('IG', 'h3', 'h4_84_84')
('IG', 'h4', 'h4_84_84')
('IG', 'h3', 'h4_85_85')
('IG', 'h4', 'h4_85_85')
('IG', 'h3', 'h4_86_86')
('IG', 'h4', 'h4_86_86')
('IG', 'h3', 'h4_87_87')
('IG', 'h4', 'h4_87_87')
('IG', 'h3', 'h4_88_88')
('IG', 'h4', 'h4_88_88')
('IG', 'h3', 'h4_89_89')
('IG', 'h4', 'h4_89_89')
('IG', 'h3', 'h4_90_90')
('IG', 'h4', 'h4_90_90')
('IG', 'h3', 'h4_91_91')
('IG', 'h4', 'h4_91_91')
('IG', 'h3', 'h4_92_92')
('IG', 'h4', 'h4_92_92')
('IG', 'h3', 'h4_93_93')
('IG', 'h4', 'h4_93_93')
('IG', 'h3', 'h4_94_94')
('IG', 'h4', 'h4_94_94')
('IG', 'h3', 'h4_95_95')
('IG', 'h4', 'h4_95_95')
('IG', 'h3', 'h4_96_96')
('IG', 'h4', 'h4_96_96')
('IG', 'h3', 'h4_97_97')
('IG', 'h4', 'h4_97_97')
('IG', 'h3', 'h4_98_98')
('IG', 'h4', 'h4_98_98')
('IG', 'h3', 'h4_99_99')
('IG', 'h4', 'h4_99_99')
('IG', 'h3', 'h4_100_100')
('IG', 'h4', 'h4_100_100')
('IG', 'h3', 'h4_101_101')
('IG', 'h4', 'h4_101_101')
('IG', 'h3', 'h4_102_102')
('IG', 'h4', 'h4_102_102')
('IG', 'h3', 'h4_103_103')
('IG', 'h4', 'h4_103_103')
('IG', 'h3', 'h3_39_39')
('IG', 'h3', 'h3_40_40')
('IG', 'h3', 'h3_41_41')
('IG', 'h3', 'h3_42_42')
('IG', 'h3', 'h3_43_43')
('IG', 'h3', 'h3_44_44')
('IG', 'h3', 'h3_45_45')
('IG', 'h3', 'h3_46_46')
('IG', 'h3', 'h3_47_47')
('IG', 'h3', 'h3_48_48')
('IG', 'h3', 'h3_49_49')
('IG', 'h3', 'h3_50_50')
('IG', 'h3', 'h3_51_51')
('IG', 'h3', 'h3_52_52')
('IG', 'h3', 'h3_53_53')
('IG', 'h3', 'h3_54_54')
('IG', 'h3', 'h3_55_55')
('IG', 'h3', 'h3_56_56')
('IG', 'h3', 'h3_57_57')
('IG', 'h3', 'h3_58_58')
('IG', 'h3', 'h3_59_59')
('IG', 'h3', 'h3_60_60')
('IG', 'h3', 'h3_61_61')
('IG', 'h3', 'h3_62_62')
('IG', 'h3', 'h3_63_63')
('IG', 'h3', 'h3_64_64')
('IG', 'h3', 'h3_65_65')
('IG', 'h3', 'h3_66_66')
('IG', 'h3', 'h3_67_67')
('IG', 'h3', 'h3_68_68')
('IG', 'h3', 'h3_69_69')
('IG', 'h3', 'h3_70_70')
('IG', 'h3', 'h3_71_71')
('IG', 'h3', 'h3_72_72')
('IG', 'h3', 'h3_73_73')
('IG', 'h3', 'h3_74_74')
('IG', 'h3', 'h3_75_75')
('IG', 'h3', 'h3_76_76')
('IG', 'h3', 'h3_77_77')
('IG', 'h3', 'h3_78_78')
('IG', 'h3', 'h3_79_79')
('IG', 'h3', 'h3_80_80')
('IG', 'h3', 'h3_81_81')
('IG', 'h3', 'h3_82_82')
('IG', 'h3', 'h3_83_83')
('IG', 'h3', 'h3_84_84')
('IG', 'h3', 'h3_85_85')
('IG', 'h3', 'h3_86_86')
('IG', 'h3', 'h3_87_87')
('IG', 'h3', 'h3_88_88')
('IG', 'h3', 'h3_89_89')
('IG', 'h3', 'h3_90_90')
('IG', 'h3', 'h3_91_91')
('IG', 'h3', 'h3_92_92')
('IG', 'h3', 'h3_93_93')
('IG', 'h3', 'h3_94_94')
('IG', 'h3', 'h3_95_95')
('IG', 'h3', 'h3_96_96')
('IG', 'h3', 'h3_97_97')
('IG', 'h3', 'h3_98_98')
('IG', 'h3', 'h3_99_99')
('IG', 'h3', 'h3_100_100')
('IG', 'h3', 'h3_101_101')
('IG', 'h3', 'h3_102_102')
('IG', 'h3', 'h3_103_103')
('IG', 'h3', 'h3_104_104')
('IG', 'h3', 'h3_105_105')
('IG', 'h3', 'h3_106_106')
('IG', 'h3', 'h3_107_107')
('IG', 'h3', 'h3_108_108')
('IG', 'h3', 'h3_109_109')
('IG', 'h3', 'h3_110_110')
('IG', 'h3', 'h3_111_111')
('IG', 'h3', 'h3_112_112')
('IG', 'h3', 'h3_113_113')
('IG', 'h3', 'h3_114_114')
('IG', 'h3', 'h3_115_115')
('IG', 'h3', 'h3_116_116')
('IG', 'h3', 'h3_117_117')
('IG', 'h3', 'h3_118_118')
('IG', 'h3', 'h3_119_119')
('IG', 'h3', 'h3_120_120')
('IG', 'h3', 'h3_121_121')
('IG', 'h3', 'h3_122_122')
('IG', 'h3', 'h3_123_123')
('IG', 'h3', 'h3_124_124')
('IG', 'h3', 'h3_125_125')
('IG', 'h3', 'h3_126_126')
('IG', 'h3', 'h3_127_127')
('IG', 'h3', 'h3_128_128')
('IG', 'h3', 'h3_129_129')
('IG', 'h3', 'h3_130_130')
('IG', 'h3', 'h3_131_131')
('IG', 'h3', 'h3_132_132')
('IG', 'h3', 'h3_133_133')
('IG', 'h3', 'h3_134_134')
('IG', 'h3', 'h3_135_135')
('IG', 'h3', 'h3_136_136')
('IG', 'h3', 'h4_20_20')
('IG', 'h4', 'h4_20_20')
('IG', 'h3', 'h4_21_21')
('IG', 'h4', 'h4_21_21')
('IG', 'h3', 'h4_22_22')
('IG', 'h4', 'h4_22_22')
('IG', 'h3', 'h4_23_23')
('IG', 'h4', 'h4_23_23')
('IG', 'h3', 'h4_24_24')
('IG', 'h4', 'h4_24_24')
('IG', 'h3', 'h4_25_25')
('IG', 'h4', 'h4_25_25')
('IG', 'h3', 'h4_26_26')
('IG', 'h4', 'h4_26_26')
('IG', 'h3', 'h4_27_27')
('IG', 'h4', 'h4_27_27')
('IG', 'h3', 'h4_28_28')
('IG', 'h4', 'h4_28_28')
('IG', 'h3', 'h4_29_29')
('IG', 'h4', 'h4_29_29')
('IG', 'h3', 'h4_30_30')
('IG', 'h4', 'h4_30_30')
('IG', 'h3', 'h4_31_31')
('IG', 'h4', 'h4_31_31')
('IG', 'h3', 'h4_32_32')
('IG', 'h4', 'h4_32_32')
('IG', 'h3', 'h4_33_33')
('IG', 'h4', 'h4_33_33')
('IG', 'h3', 'h4_34_34')
('IG', 'h4', 'h4_34_34')
('IG', 'h3', 'h4_35_35')
('IG', 'h4', 'h4_35_35')
('IG', 'h3', 'h4_36_36')
('IG', 'h4', 'h4_36_36')
('IG', 'h3', 'h4_37_37')
('IG', 'h4', 'h4_37_37')
('IG', 'h3', 'h4_38_38')
('IG', 'h4', 'h4_38_38')
('IG', 'h3', 'h4_39_39')
('IG', 'h4', 'h4_39_39')
('IG', 'h3', 'h4_40_40')
('IG', 'h4', 'h4_40_40')
('IG', 'h3', 'h4_41_41')
('IG', 'h4', 'h4_41_41')
('IG', 'h3', 'h4_42_42')
('IG', 'h4', 'h4_42_42')
('IG', 'h3', 'h4_43_43')
('IG', 'h4', 'h4_43_43')
('IG', 'h3', 'h4_44_44')
('IG', 'h4', 'h4_44_44')
('IG', 'h3', 'h4_45_45')
('IG', 'h4', 'h4_45_45')
('IG', 'h3', 'h4_46_46')
('IG', 'h4', 'h4_46_46')
('IG', 'h3', 'h4_47_47')
('IG', 'h4', 'h4_47_47')
('IG', 'h3', 'h4_48_48')
('IG', 'h4', 'h4_48_48')
('IG', 'h3', 'h4_49_49')
('IG', 'h4', 'h4_49_49')
('IG', 'h3', 'h4_50_50')
('IG', 'h4', 'h4_50_50')
('IG', 'h3', 'h4_51_51')
('IG', 'h4', 'h4_51_51')
('IG', 'h3', 'h4_52_52')
('IG', 'h4', 'h4_52_52')
('IG', 'h3', 'h4_53_53')
('IG', 'h4', 'h4_53_53')
('IG', 'h3', 'h4_54_54')
('IG', 'h4', 'h4_54_54')
('IG', 'h3', 'h4_55_55')
('IG', 'h4', 'h4_55_55')
('IG', 'h3', 'h4_56_56')
('IG', 'h4', 'h4_56_56')
('IG', 'h3', 'h4_57_57')
('IG', 'h4', 'h4_57_57')
('IG', 'h3', 'h4_58_58')
('IG', 'h4', 'h4_58_58')
('IG', 'h3', 'h4_59_59')
('IG', 'h4', 'h4_59_59')
('IG', 'h3', 'h4_60_60')
('IG', 'h4', 'h4_60_60')
('IG', 'h3', 'h4_61_61')
('IG', 'h4', 'h4_61_61')
('IG', 'h3', 'h4_62_62')
('IG', 'h4', 'h4_62_62')
('IG', 'h3', 'h4_63_63')
('IG', 'h4', 'h4_63_63')
('IG', 'h3', 'h4_64_64')
('IG', 'h4', 'h4_64_64')
('IG', 'h3', 'h4_65_65')
('IG', 'h4', 'h4_65_65')
('IG', 'h3', 'h4_66_66')
('IG', 'h4', 'h4_66_66')
('IG', 'h3', 'h4_67_67')
('IG', 'h4', 'h4_67_67')
('IG', 'h3', 'h4_68_68')
('IG', 'h4', 'h4_68_68')
('IG', 'h3', 'h4_69_69')
('IG', 'h4', 'h4_69_69')
('IG', 'h3', 'h4_70_70')
('IG', 'h4', 'h4_70_70')
('IG', 'h3', 'h4_71_71')
('IG', 'h4', 'h4_71_71')
('IG', 'h3', 'h4_72_72')
('IG', 'h4', 'h4_72_72')
('IG', 'h3', 'h4_73_73')
('IG', 'h4', 'h4_73_73')
('IG', 'h3', 'h4_74_74')
('IG', 'h4', 'h4_74_74')
('IG', 'h3', 'h4_75_75')
('IG', 'h4', 'h4_75_75')
('IG', 'h3', 'h4_76_76')
('IG', 'h4', 'h4_76_76')
('IG', 'h3', 'h4_77_77')
('IG', 'h4', 'h4_77_77')
('IG', 'h3', 'h4_78_78')
('IG', 'h4', 'h4_78_78')
('IG', 'h3', 'h4_79_79')
('IG', 'h4', 'h4_79_79')
('IG', 'h3', 'h4_80_80')
('IG', 'h4', 'h4_80_80')
('IG', 'h3', 'h4_81_81')
('IG', 'h4', 'h4_81_81')
('IG', 'h3', 'h4_82_82')
('IG', 'h4', 'h4_82_82')
('IG', 'h3', 'h4_83_83')
('IG', 'h4', 'h4_83_83')
('IG', 'h3', 'h4_84_84')
('IG', 'h4', 'h4_84_84')
('IG', 'h3', 'h4_85_85')
('IG', 'h4', 'h4_85_85')
('IG', 'h3', 'h4_86_86')
('IG', 'h4', 'h4_86_86')
('IG', 'h3', 'h4_87_87')
('IG', 'h4', 'h4_87_87')
('IG', 'h3', 'h4_88_88')
('IG', 'h4', 'h4_88_88')
('IG', 'h3', 'h4_89_89')
('IG', 'h4', 'h4_89_89')
('IG', 'h3', 'h4_90_90')
('IG', 'h4', 'h4_90_90')
('IG', 'h3', 'h4_91_91')
('IG', 'h4', 'h4_91_91')
('IG', 'h3', 'h4_92_92')
('IG', 'h4', 'h4_92_92')
('IG', 'h3', 'h4_93_93')
('IG', 'h4', 'h4_93_93')
('IG', 'h3', 'h4_94_94')
('IG', 'h4', 'h4_94_94')
('IG', 'h3', 'h4_95_95')
('IG', 'h4', 'h4_95_95')
('IG', 'h3', 'h4_96_96')
('IG', 'h4', 'h4_96_96')
('IG', 'h3', 'h4_97_97')
('IG', 'h4', 'h4_97_97')
('IG', 'h3', 'h4_98_98')
('IG', 'h4', 'h4_98_98')
('IG', 'h3', 'h4_99_99')
('IG', 'h4', 'h4_99_99')
('IG', 'h3', 'h4_100_100')
('IG', 'h4', 'h4_100_100')
('IG', 'h3', 'h4_101_101')
('IG', 'h4', 'h4_101_101')
('IG', 'h3', 'h4_102_102')
('IG', 'h4', 'h4_102_102')
('IG', 'h3', 'h4_103_103')
('IG', 'h4', 'h4_103_103')
('IG', 'h3', 'h3_39_39')
('IG', 'h3', 'h3_40_40')
('IG', 'h3', 'h3_41_41')
('IG', 'h3', 'h3_42_42')
('IG', 'h3', 'h3_43_43')
('IG', 'h3', 'h3_44_44')
('IG', 'h3', 'h3_45_45')
('IG', 'h3', 'h3_46_46')
('IG', 'h3', 'h3_47_47')
('IG', 'h3', 'h3_48_48')
('IG', 'h3', 'h3_49_49')
('IG', 'h3', 'h3_50_50')
('IG', 'h3', 'h3_51_51')
('IG', 'h3', 'h3_52_52')
('IG', 'h3', 'h3_53_53')
('IG', 'h3', 'h3_54_54')
('IG', 'h3', 'h3_55_55')
('IG', 'h3', 'h3_56_56')
('IG', 'h3', 'h3_57_57')
('IG', 'h3', 'h3_58_58')
('IG', 'h3', 'h3_59_59')
('IG', 'h3', 'h3_60_60')
('IG', 'h3', 'h3_61_61')
('IG', 'h3', 'h3_62_62')
('IG', 'h3', 'h3_63_63')
('IG', 'h3', 'h3_64_64')
('IG', 'h3', 'h3_65_65')
('IG', 'h3', 'h3_66_66')
('IG', 'h3', 'h3_67_67')
('IG', 'h3', 'h3_68_68')
('IG', 'h3', 'h3_69_69')
('IG', 'h3', 'h3_70_70')
('IG', 'h3', 'h3_71_71')
('IG', 'h3', 'h3_72_72')
('IG', 'h3', 'h3_73_73')
('IG', 'h3', 'h3_74_74')
('IG', 'h3', 'h3_75_75')
('IG', 'h3', 'h3_76_76')
('IG', 'h3', 'h3_77_77')
('IG', 'h3', 'h3_78_78')
('IG', 'h3', 'h3_79_79')
('IG', 'h3', 'h3_80_80')
('IG', 'h3', 'h3_81_81')
('IG', 'h3', 'h3_82_82')
('IG', 'h3', 'h3_83_83')
('IG', 'h3', 'h3_84_84')
('IG', 'h3', 'h3_85_85')
('IG', 'h3', 'h3_86_86')
('IG', 'h3', 'h3_87_87')
('IG', 'h3', 'h3_88_88')
('IG', 'h3', 'h3_89_89')
('IG', 'h3', 'h3_90_90')
('IG', 'h3', 'h3_91_91')
('IG', 'h3', 'h3_92_92')
('IG', 'h3', 'h3_93_93')
('IG', 'h3', 'h3_94_94')
('IG', 'h3', 'h3_95_95')
('IG', 'h3', 'h3_96_96')
('IG', 'h3', 'h3_97_97')
('IG', 'h3', 'h3_98_98')
('IG', 'h3', 'h3_99_99')
('IG', 'h3', 'h3_100_100')
('IG', 'h3', 'h3_101_101')
('IG', 'h3', 'h3_102_102')
('IG', 'h3', 'h3_103_103')
('IG', 'h3', 'h3_104_104')
('IG', 'h3', 'h3_105_105')
('IG', 'h3', 'h3_106_106')
('IG', 'h3', 'h3_107_107')
('IG', 'h3', 'h3_108_108')
('IG', 'h3', 'h3_109_109')
('IG', 'h3', 'h3_110_110')
('IG', 'h3', 'h3_111_111')
('IG', 'h3', 'h3_112_112')
('IG', 'h3', 'h3_113_113')
('IG', 'h3', 'h3_114_114')
('IG', 'h3', 'h3_115_115')
('IG', 'h3', 'h3_116_116')
('IG', 'h3', 'h3_117_117')
('IG', 'h3', 'h3_118_118')
('IG', 'h3', 'h3_119_119')
('IG', 'h3', 'h3_120_120')
('IG', 'h3', 'h3_121_121')
('IG', 'h3', 'h3_122_122')
('IG', 'h3', 'h3_123_123')
('IG', 'h3', 'h3_124_124')
('IG', 'h3', 'h3_125_125')
('IG', 'h3', 'h3_126_126')
('IG', 'h3', 'h3_127_127')
('IG', 'h3', 'h3_128_128')
('IG', 'h3', 'h3_129_129')
('IG', 'h3', 'h3_130_130')
('IG', 'h3', 'h3_131_131')
('IG', 'h3', 'h3_132_132')
('IG', 'h3', 'h3_133_133')
('IG', 'h3', 'h3_134_134')
('IG', 'h3', 'h3_135_135')
('IG', 'h3', 'h3_136_136')
('IG', 'h3', 'h4_20_20')
('IG', 'h4', 'h4_20_20')
('IG', 'h3', 'h4_21_21')
('IG', 'h4', 'h4_21_21')
('IG', 'h3', 'h4_22_22')
('IG', 'h4', 'h4_22_22')
('IG', 'h3', 'h4_23_23')
('IG', 'h4', 'h4_23_23')
('IG', 'h3', 'h4_24_24')
('IG', 'h4', 'h4_24_24')
('IG', 'h3', 'h4_25_25')
('IG', 'h4', 'h4_25_25')
('IG', 'h3', 'h4_26_26')
('IG', 'h4', 'h4_26_26')
('IG', 'h3', 'h4_27_27')
('IG', 'h4', 'h4_27_27')
('IG', 'h3', 'h4_28_28')
('IG', 'h4', 'h4_28_28')
('IG', 'h3', 'h4_29_29')
('IG', 'h4', 'h4_29_29')
('IG', 'h3', 'h4_30_30')
('IG', 'h4', 'h4_30_30')
('IG', 'h3', 'h4_31_31')
('IG', 'h4', 'h4_31_31')
('IG', 'h3', 'h4_32_32')
('IG', 'h4', 'h4_32_32')
('IG', 'h3', 'h4_33_33')
('IG', 'h4', 'h4_33_33')
('IG', 'h3', 'h4_34_34')
('IG', 'h4', 'h4_34_34')
('IG', 'h3', 'h4_35_35')
('IG', 'h4', 'h4_35_35')
('IG', 'h3', 'h4_36_36')
('IG', 'h4', 'h4_36_36')
('IG', 'h3', 'h4_37_37')
('IG', 'h4', 'h4_37_37')
('IG', 'h3', 'h4_38_38')
('IG', 'h4', 'h4_38_38')
('IG', 'h3', 'h4_39_39')
('IG', 'h4', 'h4_39_39')
('IG', 'h3', 'h4_40_40')
('IG', 'h4', 'h4_40_40')
('IG', 'h3', 'h4_41_41')
('IG', 'h4', 'h4_41_41')
('IG', 'h3', 'h4_42_42')
('IG', 'h4', 'h4_42_42')
('IG', 'h3', 'h4_43_43')
('IG', 'h4', 'h4_43_43')
('IG', 'h3', 'h4_44_44')
('IG', 'h4', 'h4_44_44')
('IG', 'h3', 'h4_45_45')
('IG', 'h4', 'h4_45_45')
('IG', 'h3', 'h4_46_46')
('IG', 'h4', 'h4_46_46')
('IG', 'h3', 'h4_47_47')
('IG', 'h4', 'h4_47_47')
('IG', 'h3', 'h4_48_48')
('IG', 'h4', 'h4_48_48')
('IG', 'h3', 'h4_49_49')
('IG', 'h4', 'h4_49_49')
('IG', 'h3', 'h4_50_50')
('IG', 'h4', 'h4_50_50')
('IG', 'h3', 'h4_51_51')
('IG', 'h4', 'h4_51_51')
('IG', 'h3', 'h4_52_52')
('IG', 'h4', 'h4_52_52')
('IG', 'h3', 'h4_53_53')
('IG', 'h4', 'h4_53_53')
('IG', 'h3', 'h4_54_54')
('IG', 'h4', 'h4_54_54')
('IG', 'h3', 'h4_55_55')
('IG', 'h4', 'h4_55_55')
('IG', 'h3', 'h4_56_56')
('IG', 'h4', 'h4_56_56')
('IG', 'h3', 'h4_57_57')
('IG', 'h4', 'h4_57_57')
('IG', 'h3', 'h4_58_58')
('IG', 'h4', 'h4_58_58')
('IG', 'h3', 'h4_59_59')
('IG', 'h4', 'h4_59_59')
('IG', 'h3', 'h4_60_60')
('IG', 'h4', 'h4_60_60')
('IG', 'h3', 'h4_61_61')
('IG', 'h4', 'h4_61_61')
('IG', 'h3', 'h4_62_62')
('IG', 'h4', 'h4_62_62')
('IG', 'h3', 'h4_63_63')
('IG', 'h4', 'h4_63_63')
('IG', 'h3', 'h4_64_64')
('IG', 'h4', 'h4_64_64')
('IG', 'h3', 'h4_65_65')
('IG', 'h4', 'h4_65_65')
('IG', 'h3', 'h4_66_66')
('IG', 'h4', 'h4_66_66')
('IG', 'h3', 'h4_67_67')
('IG', 'h4', 'h4_67_67')
('IG', 'h3', 'h4_68_68')
('IG', 'h4', 'h4_68_68')
('IG', 'h3', 'h4_69_69')
('IG', 'h4', 'h4_69_69')
('IG', 'h3', 'h4_70_70')
('IG', 'h4', 'h4_70_70')
('IG', 'h3', 'h4_71_71')
('IG', 'h4', 'h4_71_71')
('IG', 'h3', 'h4_72_72')
('IG', 'h4', 'h4_72_72')
('IG', 'h3', 'h4_73_73')
('IG', 'h4', 'h4_73_73')
('IG', 'h3', 'h4_74_74')
('IG', 'h4', 'h4_74_74')
('IG', 'h3', 'h4_75_75')
('IG', 'h4', 'h4_75_75')
('IG', 'h3', 'h4_76_76')
('IG', 'h4', 'h4_76_76')
('IG', 'h3', 'h4_77_77')
('IG', 'h4', 'h4_77_77')
('IG', 'h3', 'h4_78_78')
('IG', 'h4', 'h4_78_78')
('IG', 'h3', 'h4_79_79')
('IG', 'h4', 'h4_79_79')
('IG', 'h3', 'h4_80_80')
('IG', 'h4', 'h4_80_80')
('IG', 'h3', 'h4_81_81')
('IG', 'h4', 'h4_81_81')
('IG', 'h3', 'h4_82_82')
('IG', 'h4', 'h4_82_82')
('IG', 'h3', 'h4_83_83')
('IG', 'h4', 'h4_83_83')
('IG', 'h3', 'h4_84_84')
('IG', 'h4', 'h4_84_84')
('IG', 'h3', 'h4_85_85')
('IG', 'h4', 'h4_85_85')
('IG', 'h3', 'h4_86_86')
('IG', 'h4', 'h4_86_86')
('IG', 'h3', 'h4_87_87')
('IG', 'h4', 'h4_87_87')
('IG', 'h3', 'h4_88_88')
('IG', 'h4', 'h4_88_88')
('IG', 'h3', 'h4_89_89')
('IG', 'h4', 'h4_89_89')
('IG', 'h3', 'h4_90_90')
('IG', 'h4', 'h4_90_90')
('IG', 'h3', 'h4_91_91')
('IG', 'h4', 'h4_91_91')
('IG', 'h3', 'h4_92_92')
('IG', 'h4', 'h4_92_92')
('IG', 'h3', 'h4_93_93')
('IG', 'h4', 'h4_93_93')
('IG', 'h3', 'h4_94_94')
('IG', 'h4', 'h4_94_94')
('IG', 'h3', 'h4_95_95')
('IG', 'h4', 'h4_95_95')
('IG', 'h3', 'h4_96_96')
('IG', 'h4', 'h4_96_96')
('IG', 'h3', 'h4_97_97')
('IG', 'h4', 'h4_97_97')
('IG', 'h3', 'h4_98_98')
('IG', 'h4', 'h4_98_98')
('IG', 'h3', 'h4_99_99')
('IG', 'h4', 'h4_99_99')
('IG', 'h3', 'h4_100_100')
('IG', 'h4', 'h4_100_100')
('IG', 'h3', 'h4_101_101')
('IG', 'h4', 'h4_101_101')
('IG', 'h3', 'h4_102_102')
('IG', 'h4', 'h4_102_102')
('IG', 'h3', 'h4_103_103')
('IG', 'h4', 'h4_103_103')
('IG', 'h3', 'h3_39_39')
('IG', 'h3', 'h3_40_40')
('IG', 'h3', 'h3_41_41')
('IG', 'h3', 'h3_42_42')
('IG', 'h3', 'h3_43_43')
('IG', 'h3', 'h3_44_44')
('IG', 'h3', 'h3_45_45')
('IG', 'h3', 'h3_46_46')
('IG', 'h3', 'h3_47_47')
('IG', 'h3', 'h3_48_48')
('IG', 'h3', 'h3_49_49')
('IG', 'h3', 'h3_50_50')
('IG', 'h3', 'h3_51_51')
('IG', 'h3', 'h3_52_52')
('IG', 'h3', 'h3_53_53')
('IG', 'h3', 'h3_54_54')
('IG', 'h3', 'h3_55_55')
('IG', 'h3', 'h3_56_56')
('IG', 'h3', 'h3_57_57')
('IG', 'h3', 'h3_58_58')
('IG', 'h3', 'h3_59_59')
('IG', 'h3', 'h3_60_60')
('IG', 'h3', 'h3_61_61')
('IG', 'h3', 'h3_62_62')
('IG', 'h3', 'h3_63_63')
('IG', 'h3', 'h3_64_64')
('IG', 'h3', 'h3_65_65')
('IG', 'h3', 'h3_66_66')
('IG', 'h3', 'h3_67_67')
('IG', 'h3', 'h3_68_68')
('IG', 'h3', 'h3_69_69')
('IG', 'h3', 'h3_70_70')
('IG', 'h3', 'h3_71_71')
('IG', 'h3', 'h3_72_72')
('IG', 'h3', 'h3_73_73')
('IG', 'h3', 'h3_74_74')
('IG', 'h3', 'h3_75_75')
('IG', 'h3', 'h3_76_76')
('IG', 'h3', 'h3_77_77')
('IG', 'h3', 'h3_78_78')
('IG', 'h3', 'h3_79_79')
('IG', 'h3', 'h3_80_80')
('IG', 'h3', 'h3_81_81')
('IG', 'h3', 'h3_82_82')
('IG', 'h3', 'h3_83_83')
('IG', 'h3', 'h3_84_84')
('IG', 'h3', 'h3_85_85')
('IG', 'h3', 'h3_86_86')
('IG', 'h3', 'h3_87_87')
('IG', 'h3', 'h3_88_88')
('IG', 'h3', 'h3_89_89')
('IG', 'h3', 'h3_90_90')
('IG', 'h3', 'h3_91_91')
('IG', 'h3', 'h3_92_92')
('IG', 'h3', 'h3_93_93')
('IG', 'h3', 'h3_94_94')
('IG', 'h3', 'h3_95_95')
('IG', 'h3', 'h3_96_96')
('IG', 'h3', 'h3_97_97')
('IG', 'h3', 'h3_98_98')
('IG', 'h3', 'h3_99_99')
('IG', 'h3', 'h3_100_100')
('IG', 'h3', 'h3_101_101')
('IG', 'h3', 'h3_102_102')
('IG', 'h3', 'h3_103_103')
('IG', 'h3', 'h3_104_104')
('IG', 'h3', 'h3_105_105')
('IG', 'h3', 'h3_106_106')
('IG', 'h3', 'h3_107_107')
('IG', 'h3', 'h3_108_108')
('IG', 'h3', 'h3_109_109')
('IG', 'h3', 'h3_110_110')
('IG', 'h3', 'h3_111_111')
('IG', 'h3', 'h3_112_112')
('IG', 'h3', 'h3_113_113')
('IG', 'h3', 'h3_114_114')
('IG', 'h3', 'h3_115_115')
('IG', 'h3', 'h3_116_116')
('IG', 'h3', 'h3_117_117')
('IG', 'h3', 'h3_118_118')
('IG', 'h3', 'h3_119_119')
('IG', 'h3', 'h3_120_120')
('IG', 'h3', 'h3_121_121')
('IG', 'h3', 'h3_122_122')
('IG', 'h3', 'h3_123_123')
('IG', 'h3', 'h3_124_124')
('IG', 'h3', 'h3_125_125')
('IG', 'h3', 'h3_126_126')
('IG', 'h3', 'h3_127_127')
('IG', 'h3', 'h3_128_128')
('IG', 'h3', 'h3_129_129')
('IG', 'h3', 'h3_130_130')
('IG', 'h3', 'h3_131_131')
('IG', 'h3', 'h3_132_132')
('IG', 'h3', 'h3_133_133')
('IG', 'h3', 'h3_134_134')
('IG', 'h3', 'h3_135_135')
('IG', 'h3', 'h3_136_136')
('IG', 'h3', 'h4_20_20')
('IG', 'h4', 'h4_20_20')
('IG', 'h3', 'h4_21_21')
('IG', 'h4', 'h4_21_21')
('IG', 'h3', 'h4_22_22')
('IG', 'h4', 'h4_22_22')
('IG', 'h3', 'h4_23_23')
('IG', 'h4', 'h4_23_23')
('IG', 'h3', 'h4_24_24')
('IG', 'h4', 'h4_24_24')
('IG', 'h3', 'h4_25_25')
('IG', 'h4', 'h4_25_25')
('IG', 'h3', 'h4_26_26')
('IG', 'h4', 'h4_26_26')
('IG', 'h3', 'h4_27_27')
('IG', 'h4', 'h4_27_27')
('IG', 'h3', 'h4_28_28')
('IG', 'h4', 'h4_28_28')
('IG', 'h3', 'h4_29_29')
('IG', 'h4', 'h4_29_29')
('IG', 'h3', 'h4_30_30')
('IG', 'h4', 'h4_30_30')
('IG', 'h3', 'h4_31_31')
('IG', 'h4', 'h4_31_31')
('IG', 'h3', 'h4_32_32')
('IG', 'h4', 'h4_32_32')
('IG', 'h3', 'h4_33_33')
('IG', 'h4', 'h4_33_33')
('IG', 'h3', 'h4_34_34')
('IG', 'h4', 'h4_34_34')
('IG', 'h3', 'h4_35_35')
('IG', 'h4', 'h4_35_35')
('IG', 'h3', 'h4_36_36')
('IG', 'h4', 'h4_36_36')
('IG', 'h3', 'h4_37_37')
('IG', 'h4', 'h4_37_37')
('IG', 'h3', 'h4_38_38')
('IG', 'h4', 'h4_38_38')
('IG', 'h3', 'h4_39_39')
('IG', 'h4', 'h4_39_39')
('IG', 'h3', 'h4_40_40')
('IG', 'h4', 'h4_40_40')
('IG', 'h3', 'h4_41_41')
('IG', 'h4', 'h4_41_41')
('IG', 'h3', 'h4_42_42')
('IG', 'h4', 'h4_42_42')
('IG', 'h3', 'h4_43_43')
('IG', 'h4', 'h4_43_43')
('IG', 'h3', 'h4_44_44')
('IG', 'h4', 'h4_44_44')
('IG', 'h3', 'h4_45_45')
('IG', 'h4', 'h4_45_45')
('IG', 'h3', 'h4_46_46')
('IG', 'h4', 'h4_46_46')
('IG', 'h3', 'h4_47_47')
('IG', 'h4', 'h4_47_47')
('IG', 'h3', 'h4_48_48')
('IG', 'h4', 'h4_48_48')
('IG', 'h3', 'h4_49_49')
('IG', 'h4', 'h4_49_49')
('IG', 'h3', 'h4_50_50')
('IG', 'h4', 'h4_50_50')
('IG', 'h3', 'h4_51_51')
('IG', 'h4', 'h4_51_51')
('IG', 'h3', 'h4_52_52')
('IG', 'h4', 'h4_52_52')
('IG', 'h3', 'h4_53_53')
('IG', 'h4', 'h4_53_53')
('IG', 'h3', 'h4_54_54')
('IG', 'h4', 'h4_54_54')
('IG', 'h3', 'h4_55_55')
('IG', 'h4', 'h4_55_55')
('IG', 'h3', 'h4_56_56')
('IG', 'h4', 'h4_56_56')
('IG', 'h3', 'h4_57_57')
('IG', 'h4', 'h4_57_57')
('IG', 'h3', 'h4_58_58')
('IG', 'h4', 'h4_58_58')
('IG', 'h3', 'h4_59_59')
('IG', 'h4', 'h4_59_59')
('IG', 'h3', 'h4_60_60')
('IG', 'h4', 'h4_60_60')
('IG', 'h3', 'h4_61_61')
('IG', 'h4', 'h4_61_61')
('IG', 'h3', 'h4_62_62')
('IG', 'h4', 'h4_62_62')
('IG', 'h3', 'h4_63_63')
('IG', 'h4', 'h4_63_63')
('IG', 'h3', 'h4_64_64')
('IG', 'h4', 'h4_64_64')
('IG', 'h3', 'h4_65_65')
('IG', 'h4', 'h4_65_65')
('IG', 'h3', 'h4_66_66')
('IG', 'h4', 'h4_66_66')
('IG', 'h3', 'h4_67_67')
('IG', 'h4', 'h4_67_67')
('IG', 'h3', 'h4_68_68')
('IG', 'h4', 'h4_68_68')
('IG', 'h3', 'h4_69_69')
('IG', 'h4', 'h4_69_69')
('IG', 'h3', 'h4_70_70')
('IG', 'h4', 'h4_70_70')
('IG', 'h3', 'h4_71_71')
('IG', 'h4', 'h4_71_71')
('IG', 'h3', 'h4_72_72')
('IG', 'h4', 'h4_72_72')
('IG', 'h3', 'h4_73_73')
('IG', 'h4', 'h4_73_73')
('IG', 'h3', 'h4_74_74')
('IG', 'h4', 'h4_74_74')
('IG', 'h3', 'h4_75_75')
('IG', 'h4', 'h4_75_75')
('IG', 'h3', 'h4_76_76')
('IG', 'h4', 'h4_76_76')
('IG', 'h3', 'h4_77_77')
('IG', 'h4', 'h4_77_77')
('IG', 'h3', 'h4_78_78')
('IG', 'h4', 'h4_78_78')
('IG', 'h3', 'h4_79_79')
('IG', 'h4', 'h4_79_79')
('IG', 'h3', 'h4_80_80')
('IG', 'h4', 'h4_80_80')
('IG', 'h3', 'h4_81_81')
('IG', 'h4', 'h4_81_81')
('IG', 'h3', 'h4_82_82')
('IG', 'h4', 'h4_82_82')
('IG', 'h3', 'h4_83_83')
('IG', 'h4', 'h4_83_83')
('IG', 'h3', 'h4_84_84')
('IG', 'h4', 'h4_84_84')
('IG', 'h3', 'h4_85_85')
('IG', 'h4', 'h4_85_85')
('IG', 'h3', 'h4_86_86')
('IG', 'h4', 'h4_86_86')
('IG', 'h3', 'h4_87_87')
('IG', 'h4', 'h4_87_87')
('IG', 'h3', 'h4_88_88')
('IG', 'h4', 'h4_88_88')
('IG', 'h3', 'h4_89_89')
('IG', 'h4', 'h4_89_89')
('IG', 'h3', 'h4_90_90')
('IG', 'h4', 'h4_90_90')
('IG', 'h3', 'h4_91_91')
('IG', 'h4', 'h4_91_91')
('IG', 'h3', 'h4_92_92')
('IG', 'h4', 'h4_92_92')
('IG', 'h3', 'h4_93_93')
('IG', 'h4', 'h4_93_93')
('IG', 'h3', 'h4_94_94')
('IG', 'h4', 'h4_94_94')
('IG', 'h3', 'h4_95_95')
('IG', 'h4', 'h4_95_95')
('IG', 'h3', 'h4_96_96')
('IG', 'h4', 'h4_96_96')
('IG', 'h3', 'h4_97_97')
('IG', 'h4', 'h4_97_97')
('IG', 'h3', 'h4_98_98')
('IG', 'h4', 'h4_98_98')
('IG', 'h3', 'h4_99_99')
('IG', 'h4', 'h4_99"./gnuplot_scripts/Plot_Cluster_Population.plt", line 18: warning: No valid data points found in file

* FILE: 
  Records:             0
  Out of range:        0
  Invalid:             0
  Column headers:      0
  Blank:               0
  Data Blocks:         1

* COLUMN: 
  Mean:            undefined
  Std Dev:         undefined
  Sample StdDev:   undefined
  Skewness:        undefined
  Kurtosis:        undefined
  Avg Dev:         undefined
  Sum:                0.0000
  Sum Sq.:            0.0000

  Mean Err.:       undefined
  Std Dev Err.:    undefined
  Skewness Err.:         inf
  Kurtosis Err.:         inf

  Minimum:            0.0000 [0]
  Maximum:            0.0000 [33]
  Quartile:           0.0000 
  Median:             0.0000 
  Quartile:           0.0000 

"./gnuplot_scripts/Plot_Cluster_Population.plt", line 26: warning: No valid data points found in file

* FILE: 
  Records:             0
  Out of range:        0
  Invalid:             0
  Column headers:      0
  Blank:               0
  Data Blocks:         1

* COLUMN: 
  Mean:            undefined
  Std Dev:         undefined
  Sample StdDev:   undefined
  Skewness:        undefined
  Kurtosis:        undefined
  Avg Dev:         undefined
  Sum:                0.0000
  Sum Sq.:            0.0000

  Mean Err.:       undefined
  Std Dev Err.:    undefined
  Skewness Err.:         inf
  Kurtosis Err.:         inf

  Minimum:            0.0000 [140678805275344]
  Maximum:            0.0000 [33]
  Quartile:           0.0000 
  Median:             0.0000 
  Quartile:           0.0000 

"./gnuplot_scripts/Plot_Cluster_Population.plt", line 27: warning: No valid data points found in file

* FILE: 
  Records:             0
  Out of range:        0
  Invalid:             0
  Column headers:      0
  Blank:               0
  Data Blocks:         1

* COLUMN: 
  Mean:            undefined
  Std Dev:         undefined
  Sample StdDev:   undefined
  Skewness:        undefined
  Kurtosis:        undefined
  Avg Dev:         undefined
  Sum:                0.0000
  Sum Sq.:            0.0000

  Mean Err.:       undefined
  Std Dev Err.:    undefined
  Skewness Err.:         inf
  Kurtosis Err.:         inf

  Minimum:            0.0000 [0]
  Maximum:            0.0000 [33]
  Quartile:           0.0000 
  Median:             0.0000 
  Quartile:           0.0000 

"./gnuplot_scripts/Plot_Cluster_Population.plt", line 40: warning: No valid data points found in file

* FILE: 
  Records:             0
  Out of range:        0
  Invalid:             0
  Column headers:      0
  Blank:               0
  Data Blocks:         1

* COLUMN: 
  Mean:            undefined
  Std Dev:         undefined
  Sample StdDev:   undefined
  Skewness:        undefined
  Kurtosis:        undefined
  Avg Dev:         undefined
  Sum:                0.0000
  Sum Sq.:            0.0000

  Mean Err.:       undefined
  Std Dev Err.:    undefined
  Skewness Err.:         inf
  Kurtosis Err.:         inf

  Minimum:            0.0000 [0]
  Maximum:            0.0000 [33]
  Quartile:           0.0000 
  Median:             0.0000 
  Quartile:           0.0000 

"./gnuplot_scripts/Plot_Cluster_Population.plt", line 41: warning: No valid data points found in file

* FILE: 
  Records:             0
  Out of range:        0
  Invalid:             0
  Column headers:      0
  Blank:               0
  Data Blocks:         1

* COLUMN: 
  Mean:            undefined
  Std Dev:         undefined
  Sample StdDev:   undefined
  Skewness:        undefined
  Kurtosis:        undefined
  Avg Dev:         undefined
  Sum:                0.0000
  Sum Sq.:            0.0000

  Mean Err.:       undefined
  Std Dev Err.:    undefined
  Skewness Err.:         inf
  Kurtosis Err.:         inf

  Minimum:            0.0000 [0]
  Maximum:            0.0000 [33]
  Quartile:           0.0000 
  Median:             0.0000 
  Quartile:           0.0000 

"./gnuplot_scripts/Plot_Cluster_Population.plt", line 51: warning: Skipping data file with no valid points
"./gnuplot_scripts/Plot_Cluster_Population.plt", line 51: warning: Skipping data file with no valid points

* FILE: 
  Records:           3
  Out of range:      0
  Invalid:           0
  Column headers:    0
  Blank:             0
  Data Blocks:       1

* COLUMN: 
  Mean:               3.0398
  Std Dev:            2.4495
  Sample StdDev:      3.0000
  Skewness:      -8.12218e-14
  Kurtosis:           1.5000
  Avg Dev:            2.0000
  Sum:                9.1193
  Sum Sq.:           45.7205

  Mean Err.:          1.4142
  Std Dev Err.:       1.0000
  Skewness Err.:      1.4142
  Kurtosis Err.:      2.8284

  Minimum:            0.0398 [0]
  Maximum:            6.0398 [2]
  Quartile:           0.0398 
  Median:             3.0398 
  Quartile:           6.0398 

"./gnuplot_scripts/Plot_Convergence_NM.plt", line 6: warning: No valid data points found in file

* FILE: 
  Records:             0
  Out of range:        0
  Invalid:             0
  Column headers:      0
  Blank:               0
  Data Blocks:         1

* COLUMN: 
  Mean:            undefined
  Std Dev:         undefined
  Sample StdDev:   undefined
  Skewness:        undefined
  Kurtosis:        undefined
  Avg Dev:         undefined
  Sum:                0.0000
  Sum Sq.:            0.0000

  Mean Err.:       undefined
  Std Dev Err.:    undefined
  Skewness Err.:         inf
  Kurtosis Err.:         inf

  Minimum:            0.0000 [0]
  Maximum:            0.0000 [33]
  Quartile:           0.0000 
  Median:             0.0000 
  Quartile:           0.0000 


* FILE: 
  Records:           100
  Out of range:        0
  Invalid:             0
  Column headers:      0
  Blank:               0
  Data Blocks:         1

* COLUMN: 
  Mean:              48.4861
  Std Dev:            4.3872
  Sample StdDev:      4.4093
  Skewness:      -1.13159e-14
  Kurtosis:           1.7998
  Avg Dev:            3.7996
  Sum:             4848.6150
  Sum Sq.:       237015.4195

  Mean Err.:          0.4387
  Std Dev Err.:       0.3102
  Skewness Err.:      0.2449
  Kurtosis Err.:      0.4899

  Minimum:           40.9629 [  0]
  Maximum:           56.0094 [ 99]
  Quartile:          44.6865 
  Median:            48.4861 
  Quartile:          52.2858 


* FILE: 
  Records:           100
  Out of range:        0
  Invalid:             0
  Column headers:      0
  Blank:               0
  Data Blocks:         1

* COLUMN: 
  Mean:              48.6386
  Std Dev:            4.5044
  Sample StdDev:      4.5271
  Skewness:      3.45195e-13
  Kurtosis:           1.7998
  Avg Dev:            3.9012
  Sum:             4863.8568
  Sum Sq.:       238600.0325

  Mean Err.:          0.4504
  Std Dev Err.:       0.3185
  Skewness Err.:      0.2449
  Kurtosis Err.:      0.4899

  Minimum:           40.9143 [  0]
  Maximum:           56.3629 [ 99]
  Quartile:          44.7374 
  Median:            48.6386 
  Quartile:          52.5397 


* FILE: 
  Records:           100
  Out of range:        0
  Invalid:             0
  Column headers:      0
  Blank:               0
  Data Blocks:         1

* COLUMN: 
  Mean:             186.3500
  Std Dev:          249.9427
  Sample StdDev:    251.2019
  Skewness:           1.2166
  Kurtosis:           3.0101
  Avg Dev:          207.3360
  Sum:            18635.0000
  Sum Sq.:       9.71977e+06

  Mean Err.:         24.9943
  Std Dev Err.:      17.6736
  Skewness Err.:      0.2449
  Kurtosis Err.:      0.4899

  Minimum:            0.0000 [ 74]
  Maximum:          798.0000 [ 11]
  Quartile:           3.0000 
  Median:            48.5000 
  Quartile:         308.5000 


* FILE: 
  Records:           100
  Out of range:        0
  Invalid:             0
  Column headers:      0
  Blank:               0
  Data Blocks:         1

* COLUMN: 
  Mean:             113.6400
  Std Dev:          156.1975
  Sample StdDev:    156.9844
  Skewness:           1.2384
  Kurtosis:           3.0413
  Avg Dev:          129.1232
  Sum:            11364.0000
  Sum Sq.:       3.73117e+06

  Mean Err.:         15.6197
  Std Dev Err.:      11.0448
  Skewness Err.:      0.2449
  Kurtosis Err.:      0.4899

  Minimum:            0.0000 [ 85]
  Maximum:          491.0000 [ 14]
  Quartile:           2.0000 
  Median:            22.5000 
  Quartile:         182.0000 


* FILE: 
  Records:           1
  Out of range:      0
  Invalid:           0
  Column headers:    0
  Blank:             0
  Data Blocks:       1

* COLUMN: 
  Mean:               0.1839
  Std Dev:            0.0000
  Sample StdDev:   undefined
  Skewness:        undefined
  Kurtosis:        undefined
  Avg Dev:            0.0000
  Sum:                0.1839
  Sum Sq.:            0.0338

  Mean Err.:          0.0000
  Std Dev Err.:       0.0000
  Skewness Err.:      2.4495
  Kurtosis Err.:      4.8990

  Minimum:            0.1839 [0]
  Maximum:            0.1839 [0]
  Quartile:           0.1839 
  Median:             0.1839 
  Quartile:           0.1839 


* FILE: 
  Records:           1
  Out of range:      0
  Invalid:           0
  Column headers:    0
  Blank:             0
  Data Blocks:       1

* COLUMN: 
  Mean:               0.0130
  Std Dev:            0.0000
  Sample StdDev:   undefined
  Skewness:        undefined
  Kurtosis:        undefined
  Avg Dev:            0.0000
  Sum:                0.0130
  Sum Sq.:            0.0002

  Mean Err.:          0.0000
  Std Dev Err.:       0.0000
  Skewness Err.:      2.4495
  Kurtosis Err.:      4.8990

  Minimum:            0.0130 [0]
  Maximum:            0.0130 [0]
  Quartile:           0.0130 
  Median:             0.0130 
  Quartile:           0.0130 


* FILE: 
  Records:           10
  Out of range:       0
  Invalid:            0
  Column headers:     0
  Blank:              0
  Data Blocks:        1

* COLUMN: 
  Mean:           16499.0000
  Std Dev:         8616.8440
  Sample StdDev:   9082.9511
  Skewness:           0.0000
  Kurtosis:           1.7758
  Avg Dev:         7500.0000
  Sum:           164990.0000
  Sum Sq.:       3.46467e+09

  Mean Err.:       2724.8853
  Std Dev Err.:    1926.7849
  Skewness Err.:      0.7746
  Kurtosis Err.:      1.5492

  Minimum:         2999.0000 [ 0]
  Maximum:        29999.0000 [ 9]
  Quartile:        8999.0000 
  Median:         16499.0000 
  Quartile:       23999.0000 


* FILE: 
  Records:           10
  Out of range:       0
  Invalid:            0
  Column headers:     0
  Blank:              0
  Data Blocks:        1

* COLUMN: 
  Mean:              40.9452
  Std Dev:            0.0274
  Sample StdDev:      0.0288
  Skewness:           1.0234
  Kurtosis:           3.1961
  Avg Dev:            0.0222
  Sum:              409.4522
  Sum Sq.:        16765.1168

  Mean Err.:          0.0086
  Std Dev Err.:       0.0061
  Skewness Err.:      0.7746
  Kurtosis Err.:      1.5492

  Minimum:           40.9143 [ 9]
  Maximum:           41.0080 [ 0]
  Quartile:          40.9233 
  Median:            40.9362 
  Quartile:          40.9603 

_99')
('IG', 'h3', 'h4_100_100')
('IG', 'h4', 'h4_100_100')
('IG', 'h3', 'h4_101_101')
('IG', 'h4', 'h4_101_101')
('IG', 'h3', 'h4_102_102')
('IG', 'h4', 'h4_102_102')
('IG', 'h3', 'h4_103_103')
('IG', 'h4', 'h4_103_103')
