Getting top scoring models at subsets of size: [2999, 5999, 8999, 11999, 14999, 17999, 20999, 23999, 26999, 29999]
Size of conformation matrix (19999, 2168, 3)
Mode: cuda Superposition: True Number of cores: 1
Size of RMSD matrix (flattened): (199970001,)
Loading matrix data from Distances_Matrix.data.bin ...  Done
Size of RMSD matrix (unpacked, N x N): (19999, 19999)
Size of Sample A: 9876  ; Size of Sample B:  10123 ; Total 19999
Calculating sampling precision
Minimum and maximum pairwise model distances: 0.8359689 45.752422
Clustering at thresholds: [ 0.83596891  1.83596891  2.83596891  3.83596891  4.83596891  5.83596891
  6.83596891  7.83596891  8.83596891  9.83596891 10.83596891 11.83596891
 12.83596891 13.83596891 14.83596891 15.83596891 16.83596891 17.83596891
 18.83596891 19.83596891 20.83596891 21.83596891 22.83596891 23.83596891
 24.83596891 25.83596891 26.83596891 27.83596891 28.83596891 29.83596891
 30.83596891 31.83596891 32.83596891 33.83596891 34.83596891 35.83596891
 36.83596891 37.83596891 38.83596891 39.83596891 40.83596891 41.83596891
 42.83596891 43.83596891 44.83596891]
Clustering at threshold 14.836
Contingency table: [[7502. 8223.]
 [1983. 1492.]
 [ 337.  193.]
 [  28.   83.]
 [  25.   78.]]
